
Showing logs for build [32mcb-kubecd-environment-pr-208-22-f52jq-1[0m stage [32mfrom-build-pack[0m and container [32mstep-credential-initializer-brvrh[0m
{"level":"info","ts":1587646554.4959872,"logger":"fallback-logger","caller":"logging/config.go:69","msg":"Fetch GitHub commit ID from kodata failed: open /var/run/ko/refs/heads/0.8.0-ns-support: no such file or directory"}
{"level":"info","ts":1587646554.5029256,"logger":"fallback-logger","caller":"creds-init/main.go:40","msg":"Credentials initialized."}

Showing logs for build [32mcb-kubecd-environment-pr-208-22-f52jq-1[0m stage [32mfrom-build-pack[0m and container [32mstep-working-dir-initializer-fgxww[0m
{"level":"info","ts":1587646555.50895,"logger":"fallback-logger","caller":"logging/config.go:69","msg":"Fetch GitHub commit ID from kodata failed: open /var/run/ko/HEAD: no such file or directory"}
{"level":"info","ts":1587646555.6283576,"logger":"fallback-logger","caller":"bash/main.go:64","msg":"Successfully executed command \"sh -c mkdir -p /workspace/source\"; output "}

Showing logs for build [32mcb-kubecd-environment-pr-208-22-f52jq-1[0m stage [32mfrom-build-pack[0m and container [32mstep-place-tools[0m

Showing logs for build [32mcb-kubecd-environment-pr-208-22-f52jq-1[0m stage [32mfrom-build-pack[0m and container [32mstep-git-source-cb-kubecd-environment-pr-208-22-f52jq-xv2hk[0m
{"level":"info","ts":1587646558.1341963,"logger":"fallback-logger","caller":"logging/config.go:69","msg":"Fetch GitHub commit ID from kodata failed: open /var/run/ko/refs/heads/0.8.0-ns-support: no such file or directory"}
{"level":"info","ts":1587646559.1924503,"logger":"fallback-logger","caller":"git/git.go:103","msg":"Successfully cloned https://github.com/cb-kubecd/environment-pr-208-22-boot-vault-gke-staging.git @ master in path /workspace/source"}

Showing logs for build [32mcb-kubecd-environment-pr-208-22-f52jq-1[0m stage [32mfrom-build-pack[0m and container [32mstep-git-merge[0m
Using SHAs from PULL_REFS=master:74dd7f3925b6f5fc6db8206e2d3c2cd4acfc09bc,1:b46fc9de27c60920003767eafdee55e6c5c95c46
DEBUG: LC_ALL=C JX_LOG_LEVEL=error git fetch origin --unshallow b46fc9de27c60920003767eafdee55e6c5c95c46: 74dd7f3925b6f5fc6db8206e2d3c2cd4acfc09bc:
DEBUG: ran git fetch --unshallow origin b46fc9de27c60920003767eafdee55e6c5c95c46: 74dd7f3925b6f5fc6db8206e2d3c2cd4acfc09bc: in 
DEBUG: JX_LOG_LEVEL=error LC_ALL=C git branch
DEBUG: LC_ALL=C JX_LOG_LEVEL=error git checkout master
DEBUG: ran git checkout master in 
DEBUG: LC_ALL=C JX_LOG_LEVEL=error git reset --hard 74dd7f3925b6f5fc6db8206e2d3c2cd4acfc09bc
DEBUG: ran git reset --hard 74dd7f3925b6f5fc6db8206e2d3c2cd4acfc09bc in 
DEBUG: LC_ALL=C JX_LOG_LEVEL=error git clean -fd .
DEBUG: ran clean --force -d . in 
DEBUG: LC_ALL=C JX_LOG_LEVEL=error git merge b46fc9de27c60920003767eafdee55e6c5c95c46
DEBUG: ran git merge b46fc9de27c60920003767eafdee55e6c5c95c46 in 
DEBUG: JX_LOG_LEVEL=error LC_ALL=C git log --format=%H%x1f%an%x1f%ae%x1f%cn%x1f%ce%x1f%s%n%b%x1e 74dd7f3925b6f5fc6db8206e2d3c2cd4acfc09bc..HEAD
Merged SHA b46fc9de27c60920003767eafdee55e6c5c95c46 with commit message 'chore: Promote bdd-spring-1587646131 to version 0.0.1' into base branch master

Showing logs for build [32mcb-kubecd-environment-pr-208-22-f52jq-1[0m stage [32mfrom-build-pack[0m and container [32mstep-build-helm-build[0m
WARNING: No $CHART_REPOSITORY defined so using the default value of: http://jenkins-x-chartmuseum:8080
Adding missing Helm repo: storage.googleapis.com https://storage.googleapis.com/chartmuseum.jenkins-x.io
WARNING: No secrets found on "helm/repos" due: reading the secret "helm/repos" from vault: no secret "helm/repos" not found in vault
Read credentials for https://storage.googleapis.com/chartmuseum.jenkins-x.io from vault helm/repos
Successfully added Helm repository storage.googleapis.com.
Adding missing Helm repo: jenkins-x-chartmuseum http://jenkins-x-chartmuseum:8080
WARNING: No secrets found on "helm/repos" due: reading the secret "helm/repos" from vault: no secret "helm/repos" not found in vault
Read credentials for http://jenkins-x-chartmuseum:8080 from vault helm/repos
Successfully added Helm repository jenkins-x-chartmuseum.
WARNING: No $CHART_REPOSITORY defined so using the default value of: http://jenkins-x-chartmuseum:8080
Adding missing Helm repo: chartmuseum.jenkins-x.io http://chartmuseum.jenkins-x.io
WARNING: No secrets found on "helm/repos" due: reading the secret "helm/repos" from vault: no secret "helm/repos" not found in vault
Read credentials for http://chartmuseum.jenkins-x.io from vault helm/repos
Successfully added Helm repository chartmuseum.jenkins-x.io.
